0 info it worked if it ends with ok
1 verbose cli [ '/usr/local/bin/node',
1 verbose cli   '/usr/local/bin/npm',
1 verbose cli   'install',
1 verbose cli   'resampler',
1 verbose cli   '--save' ]
2 info using npm@3.10.10
3 info using node@v6.10.3
4 silly loadCurrentTree Starting
5 silly install loadCurrentTree
6 silly install readLocalPackageData
7 silly fetchPackageMetaData resampler
8 silly fetchNamedPackageData resampler
9 silly mapToRegistry name resampler
10 silly mapToRegistry using default registry
11 silly mapToRegistry registry https://registry.npmjs.org/
12 silly mapToRegistry data Result {
12 silly mapToRegistry   raw: 'resampler',
12 silly mapToRegistry   scope: null,
12 silly mapToRegistry   escapedName: 'resampler',
12 silly mapToRegistry   name: 'resampler',
12 silly mapToRegistry   rawSpec: '',
12 silly mapToRegistry   spec: 'latest',
12 silly mapToRegistry   type: 'tag' }
13 silly mapToRegistry uri https://registry.npmjs.org/resampler
14 verbose request uri https://registry.npmjs.org/resampler
15 verbose request no auth needed
16 info attempt registry request try #1 at 2:47:02 AM
17 verbose request id d5cf3992068d42e3
18 verbose etag "518f0071-1320"
19 verbose lastModified Sun, 12 May 2013 2:37:37 GMT
20 http request GET https://registry.npmjs.org/resampler
21 http 304 https://registry.npmjs.org/resampler
22 verbose headers { date: 'Wed, 21 Feb 2018 21:17:04 GMT',
22 verbose headers   via: '1.1 varnish',
22 verbose headers   'cache-control': 'max-age=300',
22 verbose headers   etag: '"518f0071-1320"',
22 verbose headers   age: '319',
22 verbose headers   connection: 'keep-alive',
22 verbose headers   'x-served-by': 'cache-sin18022-SIN',
22 verbose headers   'x-cache': 'HIT',
22 verbose headers   'x-cache-hits': '1',
22 verbose headers   'x-timer': 'S1519247824.167766,VS0,VE0',
22 verbose headers   vary: 'Accept-Encoding, Accept' }
23 silly get cb [ 304,
23 silly get   { date: 'Wed, 21 Feb 2018 21:17:04 GMT',
23 silly get     via: '1.1 varnish',
23 silly get     'cache-control': 'max-age=300',
23 silly get     etag: '"518f0071-1320"',
23 silly get     age: '319',
23 silly get     connection: 'keep-alive',
23 silly get     'x-served-by': 'cache-sin18022-SIN',
23 silly get     'x-cache': 'HIT',
23 silly get     'x-cache-hits': '1',
23 silly get     'x-timer': 'S1519247824.167766,VS0,VE0',
23 silly get     vary: 'Accept-Encoding, Accept' } ]
24 verbose etag https://registry.npmjs.org/resampler from cache
25 verbose get saving resampler to /home/siddesh/.npm/registry.npmjs.org/resampler/.cache.json
26 verbose correctMkdir /home/siddesh/.npm correctMkdir not in flight; initializing
27 silly install normalizeTree
28 silly loadCurrentTree Finishing
29 silly loadIdealTree Starting
30 silly install loadIdealTree
31 silly cloneCurrentTree Starting
32 silly install cloneCurrentTreeToIdealTree
33 silly cloneCurrentTree Finishing
34 silly loadShrinkwrap Starting
35 silly install loadShrinkwrap
36 silly loadShrinkwrap Finishing
37 silly loadAllDepsIntoIdealTree Starting
38 silly install loadAllDepsIntoIdealTree
39 silly resolveWithNewModule resampler@0.0.1 checking installable status
40 silly cache add args [ 'resampler', null ]
41 verbose cache add spec resampler
42 silly cache add parsed spec Result {
42 silly cache add   raw: 'resampler',
42 silly cache add   scope: null,
42 silly cache add   escapedName: 'resampler',
42 silly cache add   name: 'resampler',
42 silly cache add   rawSpec: '',
42 silly cache add   spec: 'latest',
42 silly cache add   type: 'tag' }
43 silly addNamed resampler@latest
44 verbose addNamed "latest" is being treated as a dist-tag for resampler
45 info addNameTag [ 'resampler', 'latest' ]
46 silly mapToRegistry name resampler
47 silly mapToRegistry using default registry
48 silly mapToRegistry registry https://registry.npmjs.org/
49 silly mapToRegistry data Result {
49 silly mapToRegistry   raw: 'resampler',
49 silly mapToRegistry   scope: null,
49 silly mapToRegistry   escapedName: 'resampler',
49 silly mapToRegistry   name: 'resampler',
49 silly mapToRegistry   rawSpec: '',
49 silly mapToRegistry   spec: 'latest',
49 silly mapToRegistry   type: 'tag' }
50 silly mapToRegistry uri https://registry.npmjs.org/resampler
51 verbose addNameTag registry:https://registry.npmjs.org/resampler not in flight; fetching
52 verbose get https://registry.npmjs.org/resampler not expired, no request
53 silly addNameTag next cb for resampler with tag latest
54 silly addNamed resampler@0.0.1
55 verbose addNamed "0.0.1" is a plain semver version for resampler
56 silly cache afterAdd resampler@0.0.1
57 verbose afterAdd /home/siddesh/.npm/resampler/0.0.1/package/package.json not in flight; writing
58 verbose correctMkdir /home/siddesh/.npm correctMkdir not in flight; initializing
59 verbose afterAdd /home/siddesh/.npm/resampler/0.0.1/package/package.json written
60 silly loadAllDepsIntoIdealTree Finishing
61 silly loadIdealTree Finishing
62 silly currentTree speech-to-text@1.0.0
62 silly currentTree ├── @google-cloud/speech@1.1.0
62 silly currentTree ├── @protobufjs/aspromise@1.1.2
62 silly currentTree ├── @protobufjs/base64@1.1.2
62 silly currentTree ├── @protobufjs/codegen@2.0.4
62 silly currentTree ├── @protobufjs/eventemitter@1.1.0
62 silly currentTree ├── @protobufjs/fetch@1.1.0
62 silly currentTree ├── @protobufjs/float@1.0.2
62 silly currentTree ├── @protobufjs/inquire@1.1.0
62 silly currentTree ├── @protobufjs/path@1.1.2
62 silly currentTree ├── @protobufjs/pool@1.1.0
62 silly currentTree ├── @protobufjs/utf8@1.1.0
62 silly currentTree ├── @types/long@3.0.32
62 silly currentTree ├── @types/node@8.9.4
62 silly currentTree ├── accepts@1.3.4
62 silly currentTree ├── acorn-es7-plugin@1.1.7
62 silly currentTree ├── acorn@4.0.13
62 silly currentTree ├── ajv@5.5.2
62 silly currentTree ├── ansi-regex@2.1.1
62 silly currentTree ├── arguejs@0.2.3
62 silly currentTree ├── array-filter@1.0.0
62 silly currentTree ├── array-flatten@1.1.1
62 silly currentTree ├── array-union@1.0.2
62 silly currentTree ├── array-uniq@1.0.3
62 silly currentTree ├── arrify@1.0.1
62 silly currentTree ├── ascli@1.0.1
62 silly currentTree ├── asn1@0.2.3
62 silly currentTree ├── assert-plus@1.0.0
62 silly currentTree ├── async@2.6.0
62 silly currentTree ├── asynckit@0.4.0
62 silly currentTree ├── aws-sign2@0.7.0
62 silly currentTree ├── aws4@1.6.0
62 silly currentTree ├── balanced-match@1.0.0
62 silly currentTree ├── base64url@2.0.0
62 silly currentTree ├── bcrypt-pbkdf@1.0.1
62 silly currentTree ├── binaryjs@0.2.1
62 silly currentTree ├── binarypack@0.0.4
62 silly currentTree ├── bluebird@3.5.1
62 silly currentTree ├── body-parser@1.18.2
62 silly currentTree ├── boom@4.3.1
62 silly currentTree ├── brace-expansion@1.1.11
62 silly currentTree ├── buffer-equal-constant-time@1.0.1
62 silly currentTree ├── buffercursor@0.0.12
62 silly currentTree ├── bytebuffer@5.0.1
62 silly currentTree ├── bytes@3.0.0
62 silly currentTree ├── call-signature@0.0.2
62 silly currentTree ├── camelcase@2.1.1
62 silly currentTree ├── caseless@0.12.0
62 silly currentTree ├── cliui@3.2.0
62 silly currentTree ├── co@4.6.0
62 silly currentTree ├── code-point-at@1.1.0
62 silly currentTree ├── colour@0.7.1
62 silly currentTree ├── combined-stream@1.0.6
62 silly currentTree ├── commander@0.6.1
62 silly currentTree ├── concat-map@0.0.1
62 silly currentTree ├── content-disposition@0.5.2
62 silly currentTree ├── content-type@1.0.4
62 silly currentTree ├── convert-stream@1.0.2
62 silly currentTree ├── cookie-signature@1.0.6
62 silly currentTree ├── cookie@0.3.1
62 silly currentTree ├── core-js@2.5.3
62 silly currentTree ├── core-util-is@1.0.2
62 silly currentTree ├─┬ cryptiles@3.1.2
62 silly currentTree │ └── boom@5.2.0
62 silly currentTree ├── dashdash@1.14.1
62 silly currentTree ├── debug@2.6.9
62 silly currentTree ├── decamelize@1.2.0
62 silly currentTree ├── define-properties@1.1.2
62 silly currentTree ├── delayed-stream@1.0.0
62 silly currentTree ├── depd@1.1.2
62 silly currentTree ├── destroy@1.0.4
62 silly currentTree ├── diff-match-patch@1.0.0
62 silly currentTree ├── dir-glob@2.0.0
62 silly currentTree ├─┬ duplexify@3.5.3
62 silly currentTree │ ├── isarray@1.0.0
62 silly currentTree │ ├── readable-stream@2.3.4
62 silly currentTree │ └── string_decoder@1.0.3
62 silly currentTree ├── eastasianwidth@0.1.1
62 silly currentTree ├── ecc-jsbn@0.1.1
62 silly currentTree ├── ecdsa-sig-formatter@1.0.9
62 silly currentTree ├── ee-first@1.1.1
62 silly currentTree ├── emitter-component@1.1.1
62 silly currentTree ├── empower-core@0.6.2
62 silly currentTree ├── empower@1.2.3
62 silly currentTree ├── encodeurl@1.0.2
62 silly currentTree ├── end-of-stream@1.4.1
62 silly currentTree ├── escape-html@1.0.3
62 silly currentTree ├── espurify@1.7.0
62 silly currentTree ├── estraverse@4.2.0
62 silly currentTree ├── etag@1.8.1
62 silly currentTree ├── express@4.16.2
62 silly currentTree ├── extend@3.0.1
62 silly currentTree ├── extsprintf@1.4.0
62 silly currentTree ├── eyes@0.1.8
62 silly currentTree ├── fast-deep-equal@1.0.0
62 silly currentTree ├── fast-json-stable-stringify@2.0.0
62 silly currentTree ├── finalhandler@1.1.0
62 silly currentTree ├── foreach@2.0.5
62 silly currentTree ├── forever-agent@0.6.1
62 silly currentTree ├── form-data@2.3.2
62 silly currentTree ├── forwarded@0.1.2
62 silly currentTree ├── fresh@0.5.2
62 silly currentTree ├── fs.realpath@1.0.0
62 silly currentTree ├── fs@0.0.1-security
62 silly currentTree ├── gcp-metadata@0.4.1
62 silly currentTree ├── getpass@0.1.7
62 silly currentTree ├── glob@7.1.2
62 silly currentTree ├── globby@7.1.1
62 silly currentTree ├── google-auth-library@0.12.0
62 silly currentTree ├── google-auto-auth@0.9.3
62 silly currentTree ├─┬ google-gax@0.14.5
62 silly currentTree │ ├── google-proto-files@0.14.2
62 silly currentTree │ ├── isarray@1.0.0
62 silly currentTree │ ├── readable-stream@2.3.4
62 silly currentTree │ └── string_decoder@1.0.3
62 silly currentTree ├── google-p12-pem@0.1.2
62 silly currentTree ├── google-proto-files@0.15.1
62 silly currentTree ├─┬ grpc@1.7.3
62 silly currentTree │ ├── abbrev@1.0.9
62 silly currentTree │ ├── ajv@4.11.8
62 silly currentTree │ ├── ansi-regex@2.1.1
62 silly currentTree │ ├── aproba@1.2.0
62 silly currentTree │ ├── are-we-there-yet@1.1.4
62 silly currentTree │ ├── asn1@0.2.3
62 silly currentTree │ ├── assert-plus@0.2.0
62 silly currentTree │ ├── asynckit@0.4.0
62 silly currentTree │ ├── aws-sign2@0.6.0
62 silly currentTree │ ├── aws4@1.6.0
62 silly currentTree │ ├── balanced-match@1.0.0
62 silly currentTree │ ├── bcrypt-pbkdf@1.0.1
62 silly currentTree │ ├── block-stream@0.0.9
62 silly currentTree │ ├── boom@2.10.1
62 silly currentTree │ ├── brace-expansion@1.1.8
62 silly currentTree │ ├── caseless@0.12.0
62 silly currentTree │ ├── co@4.6.0
62 silly currentTree │ ├── code-point-at@1.1.0
62 silly currentTree │ ├── combined-stream@1.0.5
62 silly currentTree │ ├── concat-map@0.0.1
62 silly currentTree │ ├── console-control-strings@1.1.0
62 silly currentTree │ ├── core-util-is@1.0.2
62 silly currentTree │ ├── cryptiles@2.0.5
62 silly currentTree │ ├─┬ dashdash@1.14.1
62 silly currentTree │ │ └── assert-plus@1.0.0
62 silly currentTree │ ├── debug@2.6.8
62 silly currentTree │ ├── deep-extend@0.4.2
62 silly currentTree │ ├── delayed-stream@1.0.0
62 silly currentTree │ ├── delegates@1.0.0
62 silly currentTree │ ├── detect-libc@1.0.2
62 silly currentTree │ ├── ecc-jsbn@0.1.1
62 silly currentTree │ ├── extend@3.0.1
62 silly currentTree │ ├── extsprintf@1.3.0
62 silly currentTree │ ├── forever-agent@0.6.1
62 silly currentTree │ ├── form-data@2.1.4
62 silly currentTree │ ├── fs.realpath@1.0.0
62 silly currentTree │ ├── fstream-ignore@1.0.5
62 silly currentTree │ ├── fstream@1.0.11
62 silly currentTree │ ├── gauge@2.7.4
62 silly currentTree │ ├─┬ getpass@0.1.7
62 silly currentTree │ │ └── assert-plus@1.0.0
62 silly currentTree │ ├── glob@7.1.1
62 silly currentTree │ ├── graceful-fs@4.1.11
62 silly currentTree │ ├── har-schema@1.0.5
62 silly currentTree │ ├── har-validator@4.2.1
62 silly currentTree │ ├── has-unicode@2.0.1
62 silly currentTree │ ├── hawk@3.1.3
62 silly currentTree │ ├── hoek@2.16.3
62 silly currentTree │ ├── http-signature@1.1.1
62 silly currentTree │ ├── inflight@1.0.6
62 silly currentTree │ ├── inherits@2.0.3
62 silly currentTree │ ├── ini@1.3.4
62 silly currentTree │ ├── is-fullwidth-code-point@1.0.0
62 silly currentTree │ ├── is-typedarray@1.0.0
62 silly currentTree │ ├── isarray@1.0.0
62 silly currentTree │ ├── isstream@0.1.2
62 silly currentTree │ ├── jsbn@0.1.1
62 silly currentTree │ ├── json-schema@0.2.3
62 silly currentTree │ ├── json-stable-stringify@1.0.1
62 silly currentTree │ ├── json-stringify-safe@5.0.1
62 silly currentTree │ ├── jsonify@0.0.0
62 silly currentTree │ ├─┬ jsprim@1.4.1
62 silly currentTree │ │ └── assert-plus@1.0.0
62 silly currentTree │ ├── mime-db@1.30.0
62 silly currentTree │ ├── mime-types@2.1.17
62 silly currentTree │ ├── minimatch@3.0.4
62 silly currentTree │ ├── minimist@0.0.8
62 silly currentTree │ ├── mkdirp@0.5.1
62 silly currentTree │ ├── ms@2.0.0
62 silly currentTree │ ├─┬ node-pre-gyp@0.6.39
62 silly currentTree │ │ └── nopt@4.0.1
62 silly currentTree │ ├── npmlog@4.1.2
62 silly currentTree │ ├── number-is-nan@1.0.1
62 silly currentTree │ ├── oauth-sign@0.8.2
62 silly currentTree │ ├── object-assign@4.1.1
62 silly currentTree │ ├── once@1.4.0
62 silly currentTree │ ├── os-homedir@1.0.2
62 silly currentTree │ ├── os-tmpdir@1.0.2
62 silly currentTree │ ├── osenv@0.1.4
62 silly currentTree │ ├── path-is-absolute@1.0.1
62 silly currentTree │ ├── performance-now@0.2.0
62 silly currentTree │ ├── process-nextick-args@1.0.7
62 silly currentTree │ ├── protobufjs@5.0.2
62 silly currentTree │ ├── punycode@1.4.1
62 silly currentTree │ ├── qs@6.4.0
62 silly currentTree │ ├─┬ rc@1.2.2
62 silly currentTree │ │ └── minimist@1.2.0
62 silly currentTree │ ├── readable-stream@2.3.3
62 silly currentTree │ ├── request@2.81.0
62 silly currentTree │ ├── rimraf@2.6.2
62 silly currentTree │ ├── safe-buffer@5.1.1
62 silly currentTree │ ├── semver@5.4.1
62 silly currentTree │ ├── set-blocking@2.0.0
62 silly currentTree │ ├── signal-exit@3.0.2
62 silly currentTree │ ├── sntp@1.0.9
62 silly currentTree │ ├─┬ sshpk@1.13.1
62 silly currentTree │ │ └── assert-plus@1.0.0
62 silly currentTree │ ├── string_decoder@1.0.3
62 silly currentTree │ ├── string-width@1.0.2
62 silly currentTree │ ├── stringstream@0.0.5
62 silly currentTree │ ├── strip-ansi@3.0.1
62 silly currentTree │ ├── strip-json-comments@2.0.1
62 silly currentTree │ ├── tar-pack@3.4.1
62 silly currentTree │ ├── tar@2.2.1
62 silly currentTree │ ├── tough-cookie@2.3.3
62 silly currentTree │ ├── tunnel-agent@0.6.0
62 silly currentTree │ ├── tweetnacl@0.14.5
62 silly currentTree │ ├── uid-number@0.0.6
62 silly currentTree │ ├── util-deprecate@1.0.2
62 silly currentTree │ ├── uuid@3.1.0
62 silly currentTree │ ├─┬ verror@1.10.0
62 silly currentTree │ │ └── assert-plus@1.0.0
62 silly currentTree │ ├── wide-align@1.1.2
62 silly currentTree │ └── wrappy@1.0.2
62 silly currentTree ├── gtoken@1.2.3
62 silly currentTree ├── har-schema@2.0.0
62 silly currentTree ├── har-validator@5.0.3
62 silly currentTree ├── hawk@6.0.2
62 silly currentTree ├── hoek@4.2.1
62 silly currentTree ├─┬ http-errors@1.6.2
62 silly currentTree │ ├── depd@1.1.1
62 silly currentTree │ └── setprototypeof@1.0.3
62 silly currentTree ├── http-signature@1.2.0
62 silly currentTree ├── iconv-lite@0.4.19
62 silly currentTree ├── ignore@3.3.7
62 silly currentTree ├── indexof@0.0.1
62 silly currentTree ├── inflight@1.0.6
62 silly currentTree ├── inherits@2.0.3
62 silly currentTree ├── invert-kv@1.0.0
62 silly currentTree ├── ipaddr.js@1.5.2
62 silly currentTree ├── is-fullwidth-code-point@1.0.0
62 silly currentTree ├── is-stream-ended@0.1.3
62 silly currentTree ├── is-typedarray@1.0.0
62 silly currentTree ├── isarray@0.0.1
62 silly currentTree ├── isstream@0.1.2
62 silly currentTree ├── jsbn@0.1.1
62 silly currentTree ├── json-schema-traverse@0.3.1
62 silly currentTree ├── json-schema@0.2.3
62 silly currentTree ├── json-stringify-safe@5.0.1
62 silly currentTree ├─┬ jsprim@1.4.1
62 silly currentTree │ └── extsprintf@1.3.0
62 silly currentTree ├── jwa@1.1.5
62 silly currentTree ├── jws@3.1.4
62 silly currentTree ├── lcid@1.0.0
62 silly currentTree ├── lodash.isstring@4.0.1
62 silly currentTree ├── lodash.merge@4.6.1
62 silly currentTree ├── lodash@4.17.5
62 silly currentTree ├── long@3.2.0
62 silly currentTree ├── media-typer@0.3.0
62 silly currentTree ├── merge-descriptors@1.0.1
62 silly currentTree ├── methods@1.1.2
62 silly currentTree ├── mime-db@1.30.0
62 silly currentTree ├── mime-types@2.1.17
62 silly currentTree ├── mime@1.4.1
62 silly currentTree ├── minimatch@3.0.4
62 silly currentTree ├── ms@2.0.0
62 silly currentTree ├── nan@2.8.0
62 silly currentTree ├── negotiator@0.6.1
62 silly currentTree ├── node-forge@0.7.1
62 silly currentTree ├── number-is-nan@1.0.1
62 silly currentTree ├── oauth-sign@0.8.2
62 silly currentTree ├── object-keys@1.0.11
62 silly currentTree ├── on-finished@2.3.0
62 silly currentTree ├── once@1.4.0
62 silly currentTree ├── options@0.0.6
62 silly currentTree ├── optjs@3.2.2
62 silly currentTree ├── os-locale@1.4.0
62 silly currentTree ├── parseurl@1.3.2
62 silly currentTree ├── path-is-absolute@1.0.1
62 silly currentTree ├── path-to-regexp@0.1.7
62 silly currentTree ├── path-type@3.0.0
62 silly currentTree ├── performance-now@2.1.0
62 silly currentTree ├── pify@3.0.0
62 silly currentTree ├── power-assert-context-formatter@1.1.1
62 silly currentTree ├── power-assert-context-reducer-ast@1.1.2
62 silly currentTree ├── power-assert-context-traversal@1.1.1
62 silly currentTree ├── power-assert-formatter@1.4.1
62 silly currentTree ├── power-assert-renderer-assertion@1.1.1
62 silly currentTree ├── power-assert-renderer-base@1.1.1
62 silly currentTree ├── power-assert-renderer-comparison@1.1.1
62 silly currentTree ├── power-assert-renderer-diagram@1.1.2
62 silly currentTree ├── power-assert-renderer-file@1.1.1
62 silly currentTree ├── power-assert-util-string-width@1.1.1
62 silly currentTree ├── power-assert@1.4.4
62 silly currentTree ├── prettier@1.10.2
62 silly currentTree ├── process-nextick-args@2.0.0
62 silly currentTree ├── protobufjs@6.8.4
62 silly currentTree ├── proxy-addr@2.0.2
62 silly currentTree ├── pump@2.0.1
62 silly currentTree ├── pumpify@1.4.0
62 silly currentTree ├── punycode@1.4.1
62 silly currentTree ├── qs@6.5.1
62 silly currentTree ├── range-parser@1.2.0
62 silly currentTree ├── raw-body@2.3.2
62 silly currentTree ├── readable-stream@1.1.14
62 silly currentTree ├── request@2.83.0
62 silly currentTree ├── retry-request@3.3.1
62 silly currentTree ├── safe-buffer@5.1.1
62 silly currentTree ├── send@0.16.1
62 silly currentTree ├── serve-static@1.13.1
62 silly currentTree ├── setprototypeof@1.1.0
62 silly currentTree ├── slash@1.0.0
62 silly currentTree ├── sntp@2.1.0
62 silly currentTree ├── sshpk@1.13.1
62 silly currentTree ├── statuses@1.3.1
62 silly currentTree ├── stream-events@1.0.2
62 silly currentTree ├── stream-parser@0.3.1
62 silly currentTree ├── stream-shift@1.0.0
62 silly currentTree ├── stream@0.0.2
62 silly currentTree ├── streamers@0.1.1
62 silly currentTree ├── streamws@0.1.1
62 silly currentTree ├── string_decoder@0.10.31
62 silly currentTree ├── string-width@1.0.2
62 silly currentTree ├── stringifier@1.3.0
62 silly currentTree ├── stringstream@0.0.5
62 silly currentTree ├── strip-ansi@3.0.1
62 silly currentTree ├── stubs@3.0.0
62 silly currentTree ├─┬ through2@2.0.3
62 silly currentTree │ ├── isarray@1.0.0
62 silly currentTree │ ├── readable-stream@2.3.4
62 silly currentTree │ └── string_decoder@1.0.3
62 silly currentTree ├── tinycolor@0.0.1
62 silly currentTree ├── tough-cookie@2.3.3
62 silly currentTree ├── traverse@0.6.6
62 silly currentTree ├── tunnel-agent@0.6.0
62 silly currentTree ├── tweetnacl@0.14.5
62 silly currentTree ├── type-is@1.6.15
62 silly currentTree ├── type-name@2.0.2
62 silly currentTree ├── underscore@1.2.3
62 silly currentTree ├── universal-deep-strict-equal@1.2.2
62 silly currentTree ├── unpipe@1.0.0
62 silly currentTree ├── util-deprecate@1.0.2
62 silly currentTree ├── utils-merge@1.0.1
62 silly currentTree ├── uuid@3.2.1
62 silly currentTree ├── vary@1.1.2
62 silly currentTree ├── verror@1.10.0
62 silly currentTree ├── vows@0.6.1
62 silly currentTree ├── wav@1.0.1
62 silly currentTree ├── window-size@0.1.4
62 silly currentTree ├── wrap-ansi@2.1.0
62 silly currentTree ├── wrappy@1.0.2
62 silly currentTree ├── xtend@4.0.1
62 silly currentTree ├── y18n@3.2.1
62 silly currentTree └── yargs@3.32.0
63 silly idealTree speech-to-text@1.0.0
63 silly idealTree ├── @google-cloud/speech@1.1.0
63 silly idealTree ├── @protobufjs/aspromise@1.1.2
63 silly idealTree ├── @protobufjs/base64@1.1.2
63 silly idealTree ├── @protobufjs/codegen@2.0.4
63 silly idealTree ├── @protobufjs/eventemitter@1.1.0
63 silly idealTree ├── @protobufjs/fetch@1.1.0
63 silly idealTree ├── @protobufjs/float@1.0.2
63 silly idealTree ├── @protobufjs/inquire@1.1.0
63 silly idealTree ├── @protobufjs/path@1.1.2
63 silly idealTree ├── @protobufjs/pool@1.1.0
63 silly idealTree ├── @protobufjs/utf8@1.1.0
63 silly idealTree ├── @types/long@3.0.32
63 silly idealTree ├── @types/node@8.9.4
63 silly idealTree ├── accepts@1.3.4
63 silly idealTree ├── acorn-es7-plugin@1.1.7
63 silly idealTree ├── acorn@4.0.13
63 silly idealTree ├── ajv@5.5.2
63 silly idealTree ├── ansi-regex@2.1.1
63 silly idealTree ├── arguejs@0.2.3
63 silly idealTree ├── array-filter@1.0.0
63 silly idealTree ├── array-flatten@1.1.1
63 silly idealTree ├── array-union@1.0.2
63 silly idealTree ├── array-uniq@1.0.3
63 silly idealTree ├── arrify@1.0.1
63 silly idealTree ├── ascli@1.0.1
63 silly idealTree ├── asn1@0.2.3
63 silly idealTree ├── assert-plus@1.0.0
63 silly idealTree ├── async@2.6.0
63 silly idealTree ├── asynckit@0.4.0
63 silly idealTree ├── aws-sign2@0.7.0
63 silly idealTree ├── aws4@1.6.0
63 silly idealTree ├── balanced-match@1.0.0
63 silly idealTree ├── base64url@2.0.0
63 silly idealTree ├── bcrypt-pbkdf@1.0.1
63 silly idealTree ├── binaryjs@0.2.1
63 silly idealTree ├── binarypack@0.0.4
63 silly idealTree ├── bluebird@3.5.1
63 silly idealTree ├── body-parser@1.18.2
63 silly idealTree ├── boom@4.3.1
63 silly idealTree ├── brace-expansion@1.1.11
63 silly idealTree ├── buffer-equal-constant-time@1.0.1
63 silly idealTree ├── buffercursor@0.0.12
63 silly idealTree ├── bytebuffer@5.0.1
63 silly idealTree ├── bytes@3.0.0
63 silly idealTree ├── call-signature@0.0.2
63 silly idealTree ├── camelcase@2.1.1
63 silly idealTree ├── caseless@0.12.0
63 silly idealTree ├── cliui@3.2.0
63 silly idealTree ├── co@4.6.0
63 silly idealTree ├── code-point-at@1.1.0
63 silly idealTree ├── colour@0.7.1
63 silly idealTree ├── combined-stream@1.0.6
63 silly idealTree ├── commander@0.6.1
63 silly idealTree ├── concat-map@0.0.1
63 silly idealTree ├── content-disposition@0.5.2
63 silly idealTree ├── content-type@1.0.4
63 silly idealTree ├── convert-stream@1.0.2
63 silly idealTree ├── cookie-signature@1.0.6
63 silly idealTree ├── cookie@0.3.1
63 silly idealTree ├── core-js@2.5.3
63 silly idealTree ├── core-util-is@1.0.2
63 silly idealTree ├─┬ cryptiles@3.1.2
63 silly idealTree │ └── boom@5.2.0
63 silly idealTree ├── dashdash@1.14.1
63 silly idealTree ├── debug@2.6.9
63 silly idealTree ├── decamelize@1.2.0
63 silly idealTree ├── define-properties@1.1.2
63 silly idealTree ├── delayed-stream@1.0.0
63 silly idealTree ├── depd@1.1.2
63 silly idealTree ├── destroy@1.0.4
63 silly idealTree ├── diff-match-patch@1.0.0
63 silly idealTree ├── dir-glob@2.0.0
63 silly idealTree ├─┬ duplexify@3.5.3
63 silly idealTree │ ├── isarray@1.0.0
63 silly idealTree │ ├── readable-stream@2.3.4
63 silly idealTree │ └── string_decoder@1.0.3
63 silly idealTree ├── eastasianwidth@0.1.1
63 silly idealTree ├── ecc-jsbn@0.1.1
63 silly idealTree ├── ecdsa-sig-formatter@1.0.9
63 silly idealTree ├── ee-first@1.1.1
63 silly idealTree ├── emitter-component@1.1.1
63 silly idealTree ├── empower-core@0.6.2
63 silly idealTree ├── empower@1.2.3
63 silly idealTree ├── encodeurl@1.0.2
63 silly idealTree ├── end-of-stream@1.4.1
63 silly idealTree ├── escape-html@1.0.3
63 silly idealTree ├── espurify@1.7.0
63 silly idealTree ├── estraverse@4.2.0
63 silly idealTree ├── etag@1.8.1
63 silly idealTree ├── express@4.16.2
63 silly idealTree ├── extend@3.0.1
63 silly idealTree ├── extsprintf@1.4.0
63 silly idealTree ├── eyes@0.1.8
63 silly idealTree ├── fast-deep-equal@1.0.0
63 silly idealTree ├── fast-json-stable-stringify@2.0.0
63 silly idealTree ├── finalhandler@1.1.0
63 silly idealTree ├── foreach@2.0.5
63 silly idealTree ├── forever-agent@0.6.1
63 silly idealTree ├── form-data@2.3.2
63 silly idealTree ├── forwarded@0.1.2
63 silly idealTree ├── fresh@0.5.2
63 silly idealTree ├── fs.realpath@1.0.0
63 silly idealTree ├── fs@0.0.1-security
63 silly idealTree ├── gcp-metadata@0.4.1
63 silly idealTree ├── getpass@0.1.7
63 silly idealTree ├── glob@7.1.2
63 silly idealTree ├── globby@7.1.1
63 silly idealTree ├── google-auth-library@0.12.0
63 silly idealTree ├── google-auto-auth@0.9.3
63 silly idealTree ├─┬ google-gax@0.14.5
63 silly idealTree │ ├── google-proto-files@0.14.2
63 silly idealTree │ ├── isarray@1.0.0
63 silly idealTree │ ├── readable-stream@2.3.4
63 silly idealTree │ └── string_decoder@1.0.3
63 silly idealTree ├── google-p12-pem@0.1.2
63 silly idealTree ├── google-proto-files@0.15.1
63 silly idealTree ├─┬ grpc@1.7.3
63 silly idealTree │ ├── abbrev@1.0.9
63 silly idealTree │ ├── ajv@4.11.8
63 silly idealTree │ ├── ansi-regex@2.1.1
63 silly idealTree │ ├── aproba@1.2.0
63 silly idealTree │ ├── are-we-there-yet@1.1.4
63 silly idealTree │ ├── asn1@0.2.3
63 silly idealTree │ ├── assert-plus@0.2.0
63 silly idealTree │ ├── asynckit@0.4.0
63 silly idealTree │ ├── aws-sign2@0.6.0
63 silly idealTree │ ├── aws4@1.6.0
63 silly idealTree │ ├── balanced-match@1.0.0
63 silly idealTree │ ├── bcrypt-pbkdf@1.0.1
63 silly idealTree │ ├── block-stream@0.0.9
63 silly idealTree │ ├── boom@2.10.1
63 silly idealTree │ ├── brace-expansion@1.1.8
63 silly idealTree │ ├── caseless@0.12.0
63 silly idealTree │ ├── co@4.6.0
63 silly idealTree │ ├── code-point-at@1.1.0
63 silly idealTree │ ├── combined-stream@1.0.5
63 silly idealTree │ ├── concat-map@0.0.1
63 silly idealTree │ ├── console-control-strings@1.1.0
63 silly idealTree │ ├── core-util-is@1.0.2
63 silly idealTree │ ├── cryptiles@2.0.5
63 silly idealTree │ ├─┬ dashdash@1.14.1
63 silly idealTree │ │ └── assert-plus@1.0.0
63 silly idealTree │ ├── debug@2.6.8
63 silly idealTree │ ├── deep-extend@0.4.2
63 silly idealTree │ ├── delayed-stream@1.0.0
63 silly idealTree │ ├── delegates@1.0.0
63 silly idealTree │ ├── detect-libc@1.0.2
63 silly idealTree │ ├── ecc-jsbn@0.1.1
63 silly idealTree │ ├── extend@3.0.1
63 silly idealTree │ ├── extsprintf@1.3.0
63 silly idealTree │ ├── forever-agent@0.6.1
63 silly idealTree │ ├── form-data@2.1.4
63 silly idealTree │ ├── fs.realpath@1.0.0
63 silly idealTree │ ├── fstream-ignore@1.0.5
63 silly idealTree │ ├── fstream@1.0.11
63 silly idealTree │ ├── gauge@2.7.4
63 silly idealTree │ ├─┬ getpass@0.1.7
63 silly idealTree │ │ └── assert-plus@1.0.0
63 silly idealTree │ ├── glob@7.1.1
63 silly idealTree │ ├── graceful-fs@4.1.11
63 silly idealTree │ ├── har-schema@1.0.5
63 silly idealTree │ ├── har-validator@4.2.1
63 silly idealTree │ ├── has-unicode@2.0.1
63 silly idealTree │ ├── hawk@3.1.3
63 silly idealTree │ ├── hoek@2.16.3
63 silly idealTree │ ├── http-signature@1.1.1
63 silly idealTree │ ├── inflight@1.0.6
63 silly idealTree │ ├── inherits@2.0.3
63 silly idealTree │ ├── ini@1.3.4
63 silly idealTree │ ├── is-fullwidth-code-point@1.0.0
63 silly idealTree │ ├── is-typedarray@1.0.0
63 silly idealTree │ ├── isarray@1.0.0
63 silly idealTree │ ├── isstream@0.1.2
63 silly idealTree │ ├── jsbn@0.1.1
63 silly idealTree │ ├── json-schema@0.2.3
63 silly idealTree │ ├── json-stable-stringify@1.0.1
63 silly idealTree │ ├── json-stringify-safe@5.0.1
63 silly idealTree │ ├── jsonify@0.0.0
63 silly idealTree │ ├─┬ jsprim@1.4.1
63 silly idealTree │ │ └── assert-plus@1.0.0
63 silly idealTree │ ├── mime-db@1.30.0
63 silly idealTree │ ├── mime-types@2.1.17
63 silly idealTree │ ├── minimatch@3.0.4
63 silly idealTree │ ├── minimist@0.0.8
63 silly idealTree │ ├── mkdirp@0.5.1
63 silly idealTree │ ├── ms@2.0.0
63 silly idealTree │ ├─┬ node-pre-gyp@0.6.39
63 silly idealTree │ │ └── nopt@4.0.1
63 silly idealTree │ ├── npmlog@4.1.2
63 silly idealTree │ ├── number-is-nan@1.0.1
63 silly idealTree │ ├── oauth-sign@0.8.2
63 silly idealTree │ ├── object-assign@4.1.1
63 silly idealTree │ ├── once@1.4.0
63 silly idealTree │ ├── os-homedir@1.0.2
63 silly idealTree │ ├── os-tmpdir@1.0.2
63 silly idealTree │ ├── osenv@0.1.4
63 silly idealTree │ ├── path-is-absolute@1.0.1
63 silly idealTree │ ├── performance-now@0.2.0
63 silly idealTree │ ├── process-nextick-args@1.0.7
63 silly idealTree │ ├── protobufjs@5.0.2
63 silly idealTree │ ├── punycode@1.4.1
63 silly idealTree │ ├── qs@6.4.0
63 silly idealTree │ ├─┬ rc@1.2.2
63 silly idealTree │ │ └── minimist@1.2.0
63 silly idealTree │ ├── readable-stream@2.3.3
63 silly idealTree │ ├── request@2.81.0
63 silly idealTree │ ├── rimraf@2.6.2
63 silly idealTree │ ├── safe-buffer@5.1.1
63 silly idealTree │ ├── semver@5.4.1
63 silly idealTree │ ├── set-blocking@2.0.0
63 silly idealTree │ ├── signal-exit@3.0.2
63 silly idealTree │ ├── sntp@1.0.9
63 silly idealTree │ ├─┬ sshpk@1.13.1
63 silly idealTree │ │ └── assert-plus@1.0.0
63 silly idealTree │ ├── string_decoder@1.0.3
63 silly idealTree │ ├── string-width@1.0.2
63 silly idealTree │ ├── stringstream@0.0.5
63 silly idealTree │ ├── strip-ansi@3.0.1
63 silly idealTree │ ├── strip-json-comments@2.0.1
63 silly idealTree │ ├── tar-pack@3.4.1
63 silly idealTree │ ├── tar@2.2.1
63 silly idealTree │ ├── tough-cookie@2.3.3
63 silly idealTree │ ├── tunnel-agent@0.6.0
63 silly idealTree │ ├── tweetnacl@0.14.5
63 silly idealTree │ ├── uid-number@0.0.6
63 silly idealTree │ ├── util-deprecate@1.0.2
63 silly idealTree │ ├── uuid@3.1.0
63 silly idealTree │ ├─┬ verror@1.10.0
63 silly idealTree │ │ └── assert-plus@1.0.0
63 silly idealTree │ ├── wide-align@1.1.2
63 silly idealTree │ └── wrappy@1.0.2
63 silly idealTree ├── gtoken@1.2.3
63 silly idealTree ├── har-schema@2.0.0
63 silly idealTree ├── har-validator@5.0.3
63 silly idealTree ├── hawk@6.0.2
63 silly idealTree ├── hoek@4.2.1
63 silly idealTree ├─┬ http-errors@1.6.2
63 silly idealTree │ ├── depd@1.1.1
63 silly idealTree │ └── setprototypeof@1.0.3
63 silly idealTree ├── http-signature@1.2.0
63 silly idealTree ├── iconv-lite@0.4.19
63 silly idealTree ├── ignore@3.3.7
63 silly idealTree ├── indexof@0.0.1
63 silly idealTree ├── inflight@1.0.6
63 silly idealTree ├── inherits@2.0.3
63 silly idealTree ├── invert-kv@1.0.0
63 silly idealTree ├── ipaddr.js@1.5.2
63 silly idealTree ├── is-fullwidth-code-point@1.0.0
63 silly idealTree ├── is-stream-ended@0.1.3
63 silly idealTree ├── is-typedarray@1.0.0
63 silly idealTree ├── isarray@0.0.1
63 silly idealTree ├── isstream@0.1.2
63 silly idealTree ├── jsbn@0.1.1
63 silly idealTree ├── json-schema-traverse@0.3.1
63 silly idealTree ├── json-schema@0.2.3
63 silly idealTree ├── json-stringify-safe@5.0.1
63 silly idealTree ├─┬ jsprim@1.4.1
63 silly idealTree │ └── extsprintf@1.3.0
63 silly idealTree ├── jwa@1.1.5
63 silly idealTree ├── jws@3.1.4
63 silly idealTree ├── lcid@1.0.0
63 silly idealTree ├── lodash.isstring@4.0.1
63 silly idealTree ├── lodash.merge@4.6.1
63 silly idealTree ├── lodash@4.17.5
63 silly idealTree ├── long@3.2.0
63 silly idealTree ├── media-typer@0.3.0
63 silly idealTree ├── merge-descriptors@1.0.1
63 silly idealTree ├── methods@1.1.2
63 silly idealTree ├── mime-db@1.30.0
63 silly idealTree ├── mime-types@2.1.17
63 silly idealTree ├── mime@1.4.1
63 silly idealTree ├── minimatch@3.0.4
63 silly idealTree ├── ms@2.0.0
63 silly idealTree ├── nan@2.8.0
63 silly idealTree ├── negotiator@0.6.1
63 silly idealTree ├── node-forge@0.7.1
63 silly idealTree ├── number-is-nan@1.0.1
63 silly idealTree ├── oauth-sign@0.8.2
63 silly idealTree ├── object-keys@1.0.11
63 silly idealTree ├── on-finished@2.3.0
63 silly idealTree ├── once@1.4.0
63 silly idealTree ├── options@0.0.6
63 silly idealTree ├── optjs@3.2.2
63 silly idealTree ├── os-locale@1.4.0
63 silly idealTree ├── parseurl@1.3.2
63 silly idealTree ├── path-is-absolute@1.0.1
63 silly idealTree ├── path-to-regexp@0.1.7
63 silly idealTree ├── path-type@3.0.0
63 silly idealTree ├── performance-now@2.1.0
63 silly idealTree ├── pify@3.0.0
63 silly idealTree ├── power-assert-context-formatter@1.1.1
63 silly idealTree ├── power-assert-context-reducer-ast@1.1.2
63 silly idealTree ├── power-assert-context-traversal@1.1.1
63 silly idealTree ├── power-assert-formatter@1.4.1
63 silly idealTree ├── power-assert-renderer-assertion@1.1.1
63 silly idealTree ├── power-assert-renderer-base@1.1.1
63 silly idealTree ├── power-assert-renderer-comparison@1.1.1
63 silly idealTree ├── power-assert-renderer-diagram@1.1.2
63 silly idealTree ├── power-assert-renderer-file@1.1.1
63 silly idealTree ├── power-assert-util-string-width@1.1.1
63 silly idealTree ├── power-assert@1.4.4
63 silly idealTree ├── prettier@1.10.2
63 silly idealTree ├── process-nextick-args@2.0.0
63 silly idealTree ├── protobufjs@6.8.4
63 silly idealTree ├── proxy-addr@2.0.2
63 silly idealTree ├── pump@2.0.1
63 silly idealTree ├── pumpify@1.4.0
63 silly idealTree ├── punycode@1.4.1
63 silly idealTree ├── qs@6.5.1
63 silly idealTree ├── range-parser@1.2.0
63 silly idealTree ├── raw-body@2.3.2
63 silly idealTree ├── readable-stream@1.1.14
63 silly idealTree ├── request@2.83.0
63 silly idealTree ├── resampler@0.0.1
63 silly idealTree ├── retry-request@3.3.1
63 silly idealTree ├── safe-buffer@5.1.1
63 silly idealTree ├── send@0.16.1
63 silly idealTree ├── serve-static@1.13.1
63 silly idealTree ├── setprototypeof@1.1.0
63 silly idealTree ├── slash@1.0.0
63 silly idealTree ├── sntp@2.1.0
63 silly idealTree ├── sshpk@1.13.1
63 silly idealTree ├── statuses@1.3.1
63 silly idealTree ├── stream-events@1.0.2
63 silly idealTree ├── stream-parser@0.3.1
63 silly idealTree ├── stream-shift@1.0.0
63 silly idealTree ├── stream@0.0.2
63 silly idealTree ├── streamers@0.1.1
63 silly idealTree ├── streamws@0.1.1
63 silly idealTree ├── string_decoder@0.10.31
63 silly idealTree ├── string-width@1.0.2
63 silly idealTree ├── stringifier@1.3.0
63 silly idealTree ├── stringstream@0.0.5
63 silly idealTree ├── strip-ansi@3.0.1
63 silly idealTree ├── stubs@3.0.0
63 silly idealTree ├─┬ through2@2.0.3
63 silly idealTree │ ├── isarray@1.0.0
63 silly idealTree │ ├── readable-stream@2.3.4
63 silly idealTree │ └── string_decoder@1.0.3
63 silly idealTree ├── tinycolor@0.0.1
63 silly idealTree ├── tough-cookie@2.3.3
63 silly idealTree ├── traverse@0.6.6
63 silly idealTree ├── tunnel-agent@0.6.0
63 silly idealTree ├── tweetnacl@0.14.5
63 silly idealTree ├── type-is@1.6.15
63 silly idealTree ├── type-name@2.0.2
63 silly idealTree ├── underscore@1.2.3
63 silly idealTree ├── universal-deep-strict-equal@1.2.2
63 silly idealTree ├── unpipe@1.0.0
63 silly idealTree ├── util-deprecate@1.0.2
63 silly idealTree ├── utils-merge@1.0.1
63 silly idealTree ├── uuid@3.2.1
63 silly idealTree ├── vary@1.1.2
63 silly idealTree ├── verror@1.10.0
63 silly idealTree ├── vows@0.6.1
63 silly idealTree ├── wav@1.0.1
63 silly idealTree ├── window-size@0.1.4
63 silly idealTree ├── wrap-ansi@2.1.0
63 silly idealTree ├── wrappy@1.0.2
63 silly idealTree ├── xtend@4.0.1
63 silly idealTree ├── y18n@3.2.1
63 silly idealTree └── yargs@3.32.0
64 silly generateActionsToTake Starting
65 silly install generateActionsToTake
66 silly generateActionsToTake Finishing
67 silly diffTrees action count 1
68 silly diffTrees add resampler@0.0.1
69 silly decomposeActions action count 8
70 silly decomposeActions fetch resampler@0.0.1
71 silly decomposeActions extract resampler@0.0.1
72 silly decomposeActions test resampler@0.0.1
73 silly decomposeActions preinstall resampler@0.0.1
74 silly decomposeActions build resampler@0.0.1
75 silly decomposeActions install resampler@0.0.1
76 silly decomposeActions postinstall resampler@0.0.1
77 silly decomposeActions finalize resampler@0.0.1
78 silly runTopLevelLifecycles Starting
79 silly executeActions Starting
80 silly install executeActions
81 silly doSerial global-install 0
82 silly doParallel fetch 1
83 verbose correctMkdir /home/siddesh/.npm/_locks correctMkdir not in flight; initializing
84 verbose lock using /home/siddesh/.npm/_locks/staging-1dda516ee49fdc19.lock for /home/siddesh/workspace/speech-to-text/node_modules/.staging
85 silly doParallel extract 1
86 silly extract resampler@0.0.1
87 verbose unbuild node_modules/.staging/resampler-47d6622a
88 silly gentlyRm /home/siddesh/workspace/speech-to-text/node_modules/.staging/resampler-47d6622a is being purged from base /home/siddesh/workspace/speech-to-text
89 verbose gentlyRm don't care about contents; nuking /home/siddesh/workspace/speech-to-text/node_modules/.staging/resampler-47d6622a
90 verbose tar unpack /home/siddesh/.npm/resampler/0.0.1/package.tgz
91 verbose tar unpacking to /home/siddesh/workspace/speech-to-text/node_modules/.staging/resampler-47d6622a
92 silly gentlyRm /home/siddesh/workspace/speech-to-text/node_modules/.staging/resampler-47d6622a is being purged
93 verbose gentlyRm don't care about contents; nuking /home/siddesh/workspace/speech-to-text/node_modules/.staging/resampler-47d6622a
94 silly gunzTarPerm modes [ '775', '664' ]
95 silly gunzTarPerm extractEntry package.json
96 silly gunzTarPerm modified mode [ 'package.json', 420, 436 ]
97 silly gunzTarPerm extractEntry .npmignore
98 silly gunzTarPerm modified mode [ '.npmignore', 420, 436 ]
99 silly gunzTarPerm extractEntry README.md
100 silly gunzTarPerm modified mode [ 'README.md', 420, 436 ]
101 silly gunzTarPerm extractEntry binding.gyp
102 silly gunzTarPerm modified mode [ 'binding.gyp', 420, 436 ]
103 silly gunzTarPerm extractEntry build/Makefile
104 silly gunzTarPerm modified mode [ 'build/Makefile', 420, 436 ]
105 silly gunzTarPerm extractEntry build/Release/.deps/Release/binding.node.d
106 silly gunzTarPerm modified mode [ 'build/Release/.deps/Release/binding.node.d', 420, 436 ]
107 silly gunzTarPerm extractEntry build/Release/.deps/Release/obj.target/binding/binding.o.d
108 silly gunzTarPerm modified mode [ 'build/Release/.deps/Release/obj.target/binding/binding.o.d',
108 silly gunzTarPerm   420,
108 silly gunzTarPerm   436 ]
109 silly gunzTarPerm extractEntry build/Release/.deps/Release/obj.target/binding/resampler.o.d
110 silly gunzTarPerm modified mode [ 'build/Release/.deps/Release/obj.target/binding/resampler.o.d',
110 silly gunzTarPerm   420,
110 silly gunzTarPerm   436 ]
111 silly gunzTarPerm extractEntry build/Release/binding.node
112 silly gunzTarPerm modified mode [ 'build/Release/binding.node', 493, 509 ]
113 silly gunzTarPerm extractEntry build/Release/linker.lock
114 silly gunzTarPerm modified mode [ 'build/Release/linker.lock', 420, 436 ]
115 silly gunzTarPerm extractEntry build/Release/obj.target/binding/binding.o
116 silly gunzTarPerm modified mode [ 'build/Release/obj.target/binding/binding.o', 420, 436 ]
117 silly gunzTarPerm extractEntry build/Release/obj.target/binding/resampler.o
118 silly gunzTarPerm modified mode [ 'build/Release/obj.target/binding/resampler.o', 420, 436 ]
119 silly gunzTarPerm extractEntry build/binding.Makefile
120 silly gunzTarPerm modified mode [ 'build/binding.Makefile', 420, 436 ]
121 silly gunzTarPerm extractEntry build/binding.target.mk
122 silly gunzTarPerm modified mode [ 'build/binding.target.mk', 420, 436 ]
123 silly gunzTarPerm extractEntry build/config.gypi
124 silly gunzTarPerm modified mode [ 'build/config.gypi', 420, 436 ]
125 silly gunzTarPerm extractEntry build/gyp-mac-tool
126 silly gunzTarPerm modified mode [ 'build/gyp-mac-tool', 493, 509 ]
127 silly gunzTarPerm extractEntry test.coffee
128 silly gunzTarPerm modified mode [ 'test.coffee', 420, 436 ]
129 silly gunzTarPerm extractEntry macros.h
130 silly gunzTarPerm modified mode [ 'macros.h', 420, 436 ]
131 silly gunzTarPerm extractEntry binding.cc
132 silly gunzTarPerm modified mode [ 'binding.cc', 420, 436 ]
133 silly gunzTarPerm extractEntry resampler.cc
134 silly gunzTarPerm modified mode [ 'resampler.cc', 420, 436 ]
135 silly gunzTarPerm extractEntry resampler.h
136 silly gunzTarPerm modified mode [ 'resampler.h', 420, 436 ]
137 silly gunzTarPerm extractEntry lib/index.js
138 silly gunzTarPerm modified mode [ 'lib/index.js', 420, 436 ]
139 silly gentlyRm /home/siddesh/workspace/speech-to-text/node_modules/.staging/resampler-47d6622a/node_modules is being purged
140 verbose gentlyRm don't care about contents; nuking /home/siddesh/workspace/speech-to-text/node_modules/.staging/resampler-47d6622a/node_modules
141 silly doParallel preinstall 1
142 silly preinstall resampler@0.0.1 /home/siddesh/workspace/speech-to-text/node_modules/.staging/resampler-47d6622a
143 info lifecycle resampler@0.0.1~preinstall: resampler@0.0.1
144 silly lifecycle resampler@0.0.1~preinstall: no script for preinstall, continuing
145 silly doReverseSerial remove 0
146 silly doSerial move 0
147 silly doSerial finalize 1
148 silly finalize /home/siddesh/workspace/speech-to-text/node_modules/resampler
149 silly doSerial build 1
150 silly build resampler@0.0.1
151 info linkStuff resampler@0.0.1
152 silly linkStuff resampler@0.0.1 has /home/siddesh/workspace/speech-to-text/node_modules as its parent node_modules
153 verbose linkBins resampler@0.0.1
154 verbose linkMans resampler@0.0.1
155 silly doSerial global-link 0
156 silly doParallel update-linked 0
157 silly doSerial install 1
158 silly install resampler@0.0.1 /home/siddesh/workspace/speech-to-text/node_modules/.staging/resampler-47d6622a
159 info lifecycle resampler@0.0.1~install: resampler@0.0.1
160 verbose lifecycle resampler@0.0.1~install: unsafe-perm in lifecycle true
161 verbose lifecycle resampler@0.0.1~install: PATH: /usr/local/lib/node_modules/npm/bin/node-gyp-bin:/home/siddesh/workspace/speech-to-text/node_modules/resampler/node_modules/.bin:/home/siddesh/workspace/speech-to-text/node_modules/.bin:/usr/local/sbin:/usr/local/bin:/usr/sbin:/usr/bin:/sbin:/bin:/usr/games:/usr/local/games:/usr/lib/jvm/java-8-oracle/bin:/usr/lib/jvm/java-8-oracle/db/bin:/usr/lib/jvm/java-8-oracle/jre/bin:/usr/lib/jvm/java-8-oracle/bin:/usr/lib/jvm/java-8-oracle/db/bin:/usr/lib/jvm/java-8-oracle/jre/bin
162 verbose lifecycle resampler@0.0.1~install: CWD: /home/siddesh/workspace/speech-to-text/node_modules/resampler
163 silly lifecycle resampler@0.0.1~install: Args: [ '-c', 'node-gyp rebuild' ]
164 silly lifecycle resampler@0.0.1~install: Returned: code: 1  signal: null
165 info lifecycle resampler@0.0.1~install: Failed to exec install script
166 verbose unlock done using /home/siddesh/.npm/_locks/staging-1dda516ee49fdc19.lock for /home/siddesh/workspace/speech-to-text/node_modules/.staging
167 silly rollbackFailedOptional Starting
168 silly rollbackFailedOptional Finishing
169 silly runTopLevelLifecycles Finishing
170 silly install printInstalled
171 verbose stack Error: resampler@0.0.1 install: `node-gyp rebuild`
171 verbose stack Exit status 1
171 verbose stack     at EventEmitter.<anonymous> (/usr/local/lib/node_modules/npm/lib/utils/lifecycle.js:255:16)
171 verbose stack     at emitTwo (events.js:106:13)
171 verbose stack     at EventEmitter.emit (events.js:191:7)
171 verbose stack     at ChildProcess.<anonymous> (/usr/local/lib/node_modules/npm/lib/utils/spawn.js:40:14)
171 verbose stack     at emitTwo (events.js:106:13)
171 verbose stack     at ChildProcess.emit (events.js:191:7)
171 verbose stack     at maybeClose (internal/child_process.js:886:16)
171 verbose stack     at Process.ChildProcess._handle.onexit (internal/child_process.js:226:5)
172 verbose pkgid resampler@0.0.1
173 verbose cwd /home/siddesh/workspace/speech-to-text
174 error Linux 4.4.0-109-generic
175 error argv "/usr/local/bin/node" "/usr/local/bin/npm" "install" "resampler" "--save"
176 error node v6.10.3
177 error npm  v3.10.10
178 error code ELIFECYCLE
179 error resampler@0.0.1 install: `node-gyp rebuild`
179 error Exit status 1
180 error Failed at the resampler@0.0.1 install script 'node-gyp rebuild'.
180 error Make sure you have the latest version of node.js and npm installed.
180 error If you do, this is most likely a problem with the resampler package,
180 error not with npm itself.
180 error Tell the author that this fails on your system:
180 error     node-gyp rebuild
180 error You can get information on how to open an issue for this project with:
180 error     npm bugs resampler
180 error Or if that isn't available, you can get their info via:
180 error     npm owner ls resampler
180 error There is likely additional logging output above.
181 verbose exit [ 1, true ]
